# x, y, T
0.000e+00,0.000e+00,0.000e+00
1.000e-01,0.000e+00,4.370e-15
2.000e-01,0.000e+00,1.739e-13
3.000e-01,0.000e+00,3.127e-14
4.000e-01,0.000e+00,-2.274e-13
5.000e-01,0.000e+00,-2.423e-13
6.000e-01,0.000e+00,1.395e-12
7.000e-01,0.000e+00,6.263e-14
8.000e-01,0.000e+00,5.212e-13
9.000e-01,0.000e+00,-3.356e-13
1.000e+00,0.000e+00,1.067e-13
1.100e+00,0.000e+00,-2.668e-13
1.200e+00,0.000e+00,-4.497e-12
1.300e+00,0.000e+00,-2.746e-14
1.400e+00,0.000e+00,7.433e-12
1.500e+00,0.000e+00,-1.163e-12
1.600e+00,0.000e+00,1.020e-13
1.700e+00,0.000e+00,9.283e-12
1.800e+00,0.000e+00,8.748e-13
1.900e+00,0.000e+00,-4.889e-13
2.000e+00,0.000e+00,0.000e+00
0.000e+00,1.000e-01,1.000e+01
1.000e-01,1.000e-01,4.943e+00
2.000e-01,1.000e-01,2.921e+00
3.000e-01,1.000e-01,1.970e+00
4.000e-01,1.000e-01,1.473e+00
5.000e-01,1.000e-01,1.212e+00
6.000e-01,1.000e-01,1.104e+00
7.000e-01,1.000e-01,1.118e+00
8.000e-01,1.000e-01,1.247e+00
9.000e-01,1.000e-01,1.501e+00
1.000e+00,1.000e-01,1.904e+00
1.100e+00,1.000e-01,2.498e+00
1.200e+00,1.000e-01,3.345e+00
1.300e+00,1.000e-01,4.541e+00
1.400e+00,1.000e-01,6.234e+00
1.500e+00,1.000e-01,8.672e+00
1.600e+00,1.000e-01,1.230e+01
1.700e+00,1.000e-01,1.807e+01
1.800e+00,1.000e-01,2.820e+01
1.900e+00,1.000e-01,4.895e+01
2.000e+00,1.000e-01,1.000e+02
0.000e+00,2.000e-01,1.000e+01
1.000e-01,2.000e-01,6.850e+00
2.000e-01,2.000e-01,4.772e+00
3.000e-01,2.000e-01,3.487e+00
4.000e-01,2.000e-01,2.708e+00
5.000e-01,2.000e-01,2.270e+00
6.000e-01,2.000e-01,2.087e+00
7.000e-01,2.000e-01,2.122e+00
8.000e-01,2.000e-01,2.370e+00
9.000e-01,2.000e-01,2.853e+00
1.000e+00,2.000e-01,3.619e+00
1.100e+00,2.000e-01,4.743e+00
1.200e+00,2.000e-01,6.341e+00
1.300e+00,2.000e-01,8.584e+00
1.400e+00,2.000e-01,1.172e+01
1.500e+00,2.000e-01,1.615e+01
1.600e+00,2.000e-01,2.248e+01
1.700e+00,2.000e-01,3.176e+01
1.800e+00,2.000e-01,4.580e+01
1.900e+00,2.000e-01,6.758e+01
2.000e+00,2.000e-01,1.000e+02
0.000e+00,3.000e-01,1.000e+01
1.000e-01,3.000e-01,7.683e+00
2.000e-01,3.000e-01,5.831e+00
3.000e-01,3.000e-01,4.496e+00
4.000e-01,3.000e-01,3.604e+00
5.000e-01,3.000e-01,3.074e+00
6.000e-01,3.000e-01,2.852e+00
7.000e-01,3.000e-01,2.911e+00
8.000e-01,3.000e-01,3.257e+00
9.000e-01,3.000e-01,3.923e+00
1.000e+00,3.000e-01,4.974e+00
1.100e+00,3.000e-01,6.513e+00
1.200e+00,3.000e-01,8.692e+00
1.300e+00,3.000e-01,1.173e+01
1.400e+00,3.000e-01,1.593e+01
1.500e+00,3.000e-01,2.172e+01
1.600e+00,3.000e-01,2.970e+01
1.700e+00,3.000e-01,4.068e+01
1.800e+00,3.000e-01,5.566e+01
1.900e+00,3.000e-01,7.558e+01
2.000e+00,3.000e-01,1.000e+02
0.000e+00,4.000e-01,1.000e+01
1.000e-01,4.000e-01,8.054e+00
2.000e-01,4.000e-01,6.371e+00
3.000e-01,4.000e-01,5.062e+00
4.000e-01,4.000e-01,4.138e+00
5.000e-01,4.000e-01,3.571e+00
6.000e-01,4.000e-01,3.334e+00
7.000e-01,4.000e-01,3.414e+00
8.000e-01,4.000e-01,3.825e+00
9.000e-01,4.000e-01,4.608e+00
1.000e+00,4.000e-01,5.841e+00
1.100e+00,4.000e-01,7.643e+00
1.200e+00,4.000e-01,1.019e+01
1.300e+00,4.000e-01,1.371e+01
1.400e+00,4.000e-01,1.854e+01
1.500e+00,4.000e-01,2.511e+01
1.600e+00,4.000e-01,3.393e+01
1.700e+00,4.000e-01,4.559e+01
1.800e+00,4.000e-01,6.060e+01
1.900e+00,4.000e-01,7.906e+01
2.000e+00,4.000e-01,1.000e+02
0.000e+00,5.000e-01,1.000e+01
1.000e-01,5.000e-01,8.161e+00
2.000e-01,5.000e-01,6.537e+00
3.000e-01,5.000e-01,5.244e+00
4.000e-01,5.000e-01,4.315e+00
5.000e-01,5.000e-01,3.739e+00
6.000e-01,5.000e-01,3.498e+00
7.000e-01,5.000e-01,3.587e+00
8.000e-01,5.000e-01,4.020e+00
9.000e-01,5.000e-01,4.844e+00
1.000e+00,5.000e-01,6.139e+00
1.100e+00,5.000e-01,8.031e+00
1.200e+00,5.000e-01,1.070e+01
1.300e+00,5.000e-01,1.439e+01
1.400e+00,5.000e-01,1.943e+01
1.500e+00,5.000e-01,2.624e+01
1.600e+00,5.000e-01,3.531e+01
1.700e+00,5.000e-01,4.715e+01
1.800e+00,5.000e-01,6.210e+01
1.900e+00,5.000e-01,8.005e+01
2.000e+00,5.000e-01,1.000e+02
0.000e+00,6.000e-01,1.000e+01
1.000e-01,6.000e-01,8.054e+00
2.000e-01,6.000e-01,6.371e+00
3.000e-01,6.000e-01,5.062e+00
4.000e-01,6.000e-01,4.138e+00
5.000e-01,6.000e-01,3.571e+00
6.000e-01,6.000e-01,3.334e+00
7.000e-01,6.000e-01,3.414e+00
8.000e-01,6.000e-01,3.825e+00
9.000e-01,6.000e-01,4.608e+00
1.000e+00,6.000e-01,5.841e+00
1.100e+00,6.000e-01,7.643e+00
1.200e+00,6.000e-01,1.019e+01
1.300e+00,6.000e-01,1.371e+01
1.400e+00,6.000e-01,1.854e+01
1.500e+00,6.000e-01,2.511e+01
1.600e+00,6.000e-01,3.393e+01
1.700e+00,6.000e-01,4.559e+01
1.800e+00,6.000e-01,6.060e+01
1.900e+00,6.000e-01,7.906e+01
2.000e+00,6.000e-01,1.000e+02
0.000e+00,7.000e-01,1.000e+01
1.000e-01,7.000e-01,7.683e+00
2.000e-01,7.000e-01,5.831e+00
3.000e-01,7.000e-01,4.496e+00
4.000e-01,7.000e-01,3.604e+00
5.000e-01,7.000e-01,3.074e+00
6.000e-01,7.000e-01,2.852e+00
7.000e-01,7.000e-01,2.911e+00
8.000e-01,7.000e-01,3.257e+00
9.000e-01,7.000e-01,3.923e+00
1.000e+00,7.000e-01,4.974e+00
1.100e+00,7.000e-01,6.513e+00
1.200e+00,7.000e-01,8.692e+00
1.300e+00,7.000e-01,1.173e+01
1.400e+00,7.000e-01,1.593e+01
1.500e+00,7.000e-01,2.172e+01
1.600e+00,7.000e-01,2.970e+01
1.700e+00,7.000e-01,4.068e+01
1.800e+00,7.000e-01,5.566e+01
1.900e+00,7.000e-01,7.558e+01
2.000e+00,7.000e-01,1.000e+02
0.000e+00,8.000e-01,1.000e+01
1.000e-01,8.000e-01,6.850e+00
2.000e-01,8.000e-01,4.772e+00
3.000e-01,8.000e-01,3.487e+00
4.000e-01,8.000e-01,2.708e+00
5.000e-01,8.000e-01,2.270e+00
6.000e-01,8.000e-01,2.087e+00
7.000e-01,8.000e-01,2.122e+00
8.000e-01,8.000e-01,2.370e+00
9.000e-01,8.000e-01,2.853e+00
1.000e+00,8.000e-01,3.619e+00
1.100e+00,8.000e-01,4.743e+00
1.200e+00,8.000e-01,6.341e+00
1.300e+00,8.000e-01,8.584e+00
1.400e+00,8.000e-01,1.172e+01
1.500e+00,8.000e-01,1.615e+01
1.600e+00,8.000e-01,2.248e+01
1.700e+00,8.000e-01,3.176e+01
1.800e+00,8.000e-01,4.580e+01
1.900e+00,8.000e-01,6.758e+01
2.000e+00,8.000e-01,1.000e+02
0.000e+00,9.000e-01,1.000e+01
1.000e-01,9.000e-01,4.943e+00
2.000e-01,9.000e-01,2.921e+00
3.000e-01,9.000e-01,1.970e+00
4.000e-01,9.000e-01,1.473e+00
5.000e-01,9.000e-01,1.212e+00
6.000e-01,9.000e-01,1.104e+00
7.000e-01,9.000e-01,1.118e+00
8.000e-01,9.000e-01,1.247e+00
9.000e-01,9.000e-01,1.501e+00
1.000e+00,9.000e-01,1.904e+00
1.100e+00,9.000e-01,2.498e+00
1.200e+00,9.000e-01,3.345e+00
1.300e+00,9.000e-01,4.541e+00
1.400e+00,9.000e-01,6.234e+00
1.500e+00,9.000e-01,8.672e+00
1.600e+00,9.000e-01,1.230e+01
1.700e+00,9.000e-01,1.807e+01
1.800e+00,9.000e-01,2.820e+01
1.900e+00,9.000e-01,4.895e+01
2.000e+00,9.000e-01,1.000e+02
0.000e+00,1.000e+00,0.000e+00
1.000e-01,1.000e+00,0.000e+00
2.000e-01,1.000e+00,0.000e+00
3.000e-01,1.000e+00,0.000e+00
4.000e-01,1.000e+00,0.000e+00
5.000e-01,1.000e+00,0.000e+00
6.000e-01,1.000e+00,0.000e+00
7.000e-01,1.000e+00,0.000e+00
8.000e-01,1.000e+00,0.000e+00
9.000e-01,1.000e+00,0.000e+00
1.000e+00,1.000e+00,0.000e+00
1.100e+00,1.000e+00,0.000e+00
1.200e+00,1.000e+00,0.000e+00
1.300e+00,1.000e+00,0.000e+00
1.400e+00,1.000e+00,0.000e+00
1.500e+00,1.000e+00,0.000e+00
1.600e+00,1.000e+00,0.000e+00
1.700e+00,1.000e+00,0.000e+00
1.800e+00,1.000e+00,0.000e+00
1.900e+00,1.000e+00,0.000e+00
2.000e+00,1.000e+00,0.000e+00
